[11:19:23] [ServerMain/INFO]: Environment: Environment[sessionHost=https://sessionserver.mojang.com, servicesHost=https://api.minecraftservices.com, name=PROD]
[11:19:26] [ServerMain/INFO]: Loaded 1290 recipes
[11:19:27] [ServerMain/INFO]: Loaded 1399 advancements
[11:19:27] [Server thread/INFO]: Starting minecraft server version 1.21
[11:19:27] [Server thread/INFO]: Loading properties
[11:19:27] [Server thread/INFO]: Default game type: SURVIVAL
[11:19:27] [Server thread/INFO]: Generating keypair
[11:19:28] [Server thread/INFO]: Starting Minecraft server on *:25565
[11:19:28] [Server thread/INFO]: Using epoll channel type
[11:19:28] [Server thread/WARN]: **** FAILED TO BIND TO PORT!
[11:19:28] [Server thread/WARN]: The exception was: io.netty.channel.unix.Errors$NativeIoException: bind(..) failed: Address already in use
[11:19:28] [Server thread/WARN]: Perhaps a server is already running on that port?
[11:19:28] [Server thread/ERROR]: Encountered an unexpected exception
java.lang.IllegalStateException: Failed to initialize server
	at net.minecraft.server.MinecraftServer.y(SourceFile:716) ~[server-1.21.jar:?]
	at net.minecraft.server.MinecraftServer.a(SourceFile:281) ~[server-1.21.jar:?]
	at java.base/java.lang.Thread.run(Thread.java:1583) [?:?]
[11:19:28] [Server thread/ERROR]: This crash report has been saved to: /workspaces/SCCMC/servidor_minecraft/crash-reports/crash-2024-12-09_11.19.28-server.txt
[11:19:28] [Server thread/INFO]: Stopping server
[11:19:28] [Server thread/INFO]: Saving worlds
[11:19:28] [Server thread/ERROR]: Exception stopping the server
java.lang.NullPointerException: Cannot invoke "aqu.C_()" because "$$5" is null
	at net.minecraft.server.MinecraftServer.a(SourceFile:561) ~[server-1.21.jar:?]
	at net.minecraft.server.MinecraftServer.v(SourceFile:620) ~[server-1.21.jar:?]
	at apn.v(SourceFile:561) ~[server-1.21.jar:?]
	at net.minecraft.server.MinecraftServer.y(SourceFile:735) ~[server-1.21.jar:?]
	at net.minecraft.server.MinecraftServer.a(SourceFile:281) ~[server-1.21.jar:?]
	at java.base/java.lang.Thread.run(Thread.java:1583) [?:?]
